<?xml version="1.0" encoding="UTF-8" standalone="no"?>
<testsuite errors="0" failures="1" name="io.cucumber.core.plugin.JUnitFormatter" skipped="0" tests="9" time="722.824">
<testcase classname="US1001 amazon page search" name="TC01 amazon arama testi" time="182.759">
<system-out><![CDATA[Given kullanici amazon anasayfaya gider.....................................passed
And iphone icin arama yapar.................................................passed
Then sonucun iphone icerdigini test eder....................................passed
Given kullanici amazon anasayfaya gider.....................................passed
And teapot icin arama yapar.................................................passed
Then sonucun teapot icerdigini test eder....................................passed
Given kullanici amazon anasayfaya gider.....................................passed
And flower icin arama yapar.................................................passed
Then sonucun flower icerdigini test eder....................................passed
And kullanici sayfayi kapatir...............................................passed
]]></system-out>
</testcase>
<testcase classname="US1002_amazon_search_background" name="TC02_amazon_iphone_arama_testi" time="65.471">
<system-out><![CDATA[Given kullanici amazon anasayfaya gider.....................................passed
And iphone icin arama yapar.................................................passed
Then sonucun iphone icerdigini test eder....................................passed
And kullanici sayfayi kapatir...............................................passed
]]></system-out>
</testcase>
<testcase classname="US1002_amazon_search_background" name="TC03_amazon_teapot_arama_testi" time="72.179">
<system-out><![CDATA[Given kullanici amazon anasayfaya gider.....................................passed
And teapot icin arama yapar.................................................passed
Then sonucun teapot icerdigini test eder....................................passed
And kullanici sayfayi kapatir...............................................passed
]]></system-out>
</testcase>
<testcase classname="US1002_amazon_search_background" name="TC04_amazon_flower_arama_testi" time="84.357">
<system-out><![CDATA[Given kullanici amazon anasayfaya gider.....................................passed
And flower icin arama yapar.................................................passed
Then sonucun flower icerdigini test eder....................................passed
And kullanici sayfayi kapatir...............................................passed
]]></system-out>
</testcase>
<testcase classname="US1003_amazon_search_parametreli" name="TC05_parametre_kullanma" time="68.398">
<failure message="" type="java.lang.AssertionError"><![CDATA[When kullanici amazon anasayfaya gider......................................passed
And "hasan" icin arama yapar................................................passed
Then sonucun "kemal" icerdigini test eder...................................failed
And kullanici sayfayi kapatir...............................................skipped

StackTrace:
java.lang.AssertionError
	at org.junit.Assert.fail(Assert.java:87)
	at org.junit.Assert.assertTrue(Assert.java:42)
	at org.junit.Assert.assertTrue(Assert.java:53)
	at stepdefinitions.AmazonStepDefinitions.sonucunIcerdiginiTestEder(AmazonStepDefinitions.java:61)
	at âœ½.sonucun "kemal" icerdigini test eder(file:///C:/Users/pc/IdeaProjects/mycucumberframework/src/test/resources/features/US1003_amazon_search_parametreli.feature:8)
]]></failure>
</testcase>
<testcase classname="US1004_amazon_search_scenario_outline" name="TC06_coklu_arama" time="28.338">
<system-out><![CDATA[When kullanici amazon anasayfaya gider......................................passed
Then "yasin" icin arama yapar...............................................passed
And sonucun "yasin" icerdigini test eder....................................passed
And kullanici sayfayi kapatir...............................................passed
]]></system-out>
</testcase>
<testcase classname="US1004_amazon_search_scenario_outline" name="TC06_coklu_arama_2" time="69.456">
<system-out><![CDATA[When kullanici amazon anasayfaya gider......................................passed
Then "samsung" icin arama yapar.............................................passed
And sonucun "samsung" icerdigini test eder..................................passed
And kullanici sayfayi kapatir...............................................passed
]]></system-out>
</testcase>
<testcase classname="US1004_amazon_search_scenario_outline" name="TC06_coklu_arama_3" time="65.474">
<system-out><![CDATA[When kullanici amazon anasayfaya gider......................................passed
Then "headphone" icin arama yapar...........................................passed
And sonucun "headphone" icerdigini test eder................................passed
And kullanici sayfayi kapatir...............................................passed
]]></system-out>
</testcase>
<testcase classname="US1004_amazon_search_scenario_outline" name="TC06_coklu_arama_4" time="84.384">
<system-out><![CDATA[When kullanici amazon anasayfaya gider......................................passed
Then "pencil" icin arama yapar..............................................passed
And sonucun "pencil" icerdigini test eder...................................passed
And kullanici sayfayi kapatir...............................................passed
]]></system-out>
</testcase>
</testsuite>
